2014-12-02 00:32:33 - Light_GF_Living_Table state updated to ON
2014-12-02 00:32:33 - Light_GF_Corridor_Ceiling state updated to OFF
2014-12-02 00:32:33 - Light_GF_Kitchen_Ceiling state updated to OFF
2014-12-02 00:32:33 - Light_GF_Kitchen_Table state updated to OFF
2014-12-02 00:32:33 - Light_GF_Corridor_Wardrobe state updated to OFF
2014-12-02 00:32:33 - Light_GF_Toilet_Ceiling state updated to ON
2014-12-02 00:32:33 - Light_GF_Toilet_Mirror state updated to ON
2014-12-02 00:32:33 - Light_FF_Bath_Ceiling state updated to ON
2014-12-02 00:32:33 - Light_FF_Bath_Mirror state updated to OFF
2014-12-02 00:32:33 - Light_FF_Corridor_Ceiling state updated to OFF
2014-12-02 00:32:33 - Light_FF_Office_Ceiling state updated to ON
2014-12-02 00:32:33 - Light_FF_Child_Ceiling state updated to ON
2014-12-02 00:32:33 - Light_FF_Bed_Ceiling state updated to ON
2014-12-02 00:32:33 - Light_C_Corridor_Ceiling state updated to ON
2014-12-02 00:32:33 - Light_C_Staircase state updated to OFF
2014-12-02 00:32:33 - Light_C_Washing_Ceiling state updated to OFF
2014-12-02 00:32:33 - Light_C_Workshop state updated to OFF
2014-12-02 00:32:34 - Light_Outdoor_Garage state updated to OFF
2014-12-02 00:32:34 - Light_Outdoor_Terrace state updated to OFF
2014-12-02 00:32:34 - Light_Outdoor_Frontdoor state updated to OFF
2014-12-02 00:32:34 - Heating_GF_Corridor state updated to OFF
2014-12-02 00:32:34 - Heating_GF_Toilet state updated to OFF
2014-12-02 00:32:34 - Heating_GF_Living state updated to OFF
2014-12-02 00:32:34 - Heating_GF_Kitchen state updated to OFF
2014-12-02 00:32:34 - Heating_FF_Bath state updated to OFF
2014-12-02 00:32:34 - Heating_FF_Office state updated to OFF
2014-12-02 00:32:34 - Heating_FF_Child state updated to ON
2014-12-02 00:32:34 - Heating_FF_Bed state updated to OFF
2014-12-02 00:32:34 - Temperature_Setpoint state updated to 22
2014-12-02 00:32:34 - Window_GF_Frontdoor state updated to OPEN
2014-12-02 00:32:34 - Window_GF_Kitchen state updated to CLOSED
2014-12-02 00:32:34 - Window_GF_Living state updated to OPEN
2014-12-02 00:32:34 - Window_GF_Toilet state updated to CLOSED
2014-12-02 00:32:34 - Window_FF_Bath state updated to CLOSED
2014-12-02 00:32:34 - Window_FF_Bed state updated to OPEN
2014-12-02 00:32:34 - Window_FF_Office_Window state updated to CLOSED
2014-12-02 00:32:34 - Window_FF_Office_Door state updated to OPEN
2014-12-02 00:32:34 - Garage_Door state updated to OPEN
2014-12-02 00:32:34 - Temperature_GF_Corridor state updated to 22.30000000
2014-12-02 00:32:34 - Temperature_GF_Toilet state updated to 20.50000000
2014-12-02 00:32:34 - Temperature_GF_Living state updated to 18.50000000
2014-12-02 00:32:34 - Temperature_GF_Kitchen state updated to 20.90000000
2014-12-02 00:32:34 - Temperature_FF_Bath state updated to 20.50000000
2014-12-02 00:32:34 - Temperature_FF_Office state updated to 22.40000000
2014-12-02 00:32:34 - Temperature_FF_Child state updated to 20.50000000
2014-12-02 00:32:34 - Temperature_FF_Bed state updated to 20.50000000
2014-12-02 00:32:37 - Date state updated to 2014-12-02T00:32:37
2014-12-02 00:32:44 - Weather_Humidity state updated to 69
2014-12-02 00:32:45 - Weather_Temperature state updated to -3
2014-12-02 00:32:45 - Weather_Temp_Max state updated to -3
2014-12-02 00:32:46 - Weather_LastUpdate state updated to 2014-12-02T00:32:46
2014-12-02 00:32:47 - Weather_Temp_Min state updated to -3
2014-12-02 00:32:52 - Weather_Humidex state updated to -6.6767022905247292
2014-12-02 00:33:45 - Weather_Humidity state updated to 69
2014-12-02 00:33:46 - Weather_Temperature state updated to -3
2014-12-02 00:33:46 - Weather_LastUpdate state updated to 2014-12-02T00:33:46
2014-12-02 00:34:46 - Weather_Humidity state updated to 69
2014-12-02 00:34:47 - Weather_Temperature state updated to -3
2014-12-02 00:34:47 - Weather_LastUpdate state updated to 2014-12-02T00:34:47
2014-12-02 00:35:00 - Temperature_GF_Corridor state updated to 20.40000000
2014-12-02 00:35:00 - Temperature_GF_Toilet state updated to 19.70000000
2014-12-02 00:35:00 - Temperature_GF_Living state updated to 17.90000000
2014-12-02 00:35:00 - Temperature_GF_Kitchen state updated to 20.90000000
2014-12-02 00:35:00 - Temperature_FF_Bath state updated to 21.50000000
2014-12-02 00:35:00 - Temperature_FF_Office state updated to 21.90000000
2014-12-02 00:35:00 - Temperature_FF_Child state updated to 20.80000000
2014-12-02 00:35:00 - Temperature_FF_Bed state updated to 18.10000000
2014-12-02 00:35:47 - Weather_Humidity state updated to 69
2014-12-02 00:35:48 - Weather_Temperature state updated to -3
2014-12-02 00:35:48 - Weather_LastUpdate state updated to 2014-12-02T00:35:48
2014-12-02 00:36:49 - Weather_Humidity state updated to 69
2014-12-02 00:36:50 - Weather_Temperature state updated to -3
2014-12-02 00:36:50 - Weather_LastUpdate state updated to 2014-12-02T00:36:50
2014-12-02 00:37:50 - Weather_Humidity state updated to 69
2014-12-02 00:37:52 - Weather_Temperature state updated to -3
2014-12-02 00:37:52 - Weather_LastUpdate state updated to 2014-12-02T00:37:52
2014-12-02 00:38:42 - Light_Outdoor_Garage received command ON
2014-12-02 00:38:51 - Light_Outdoor_Terrace received command ON
2014-12-02 00:38:51 - Weather_Humidity state updated to 69
2014-12-02 00:38:53 - Weather_Temperature state updated to -3
2014-12-02 00:38:53 - Weather_LastUpdate state updated to 2014-12-02T00:38:53
2014-12-02 00:38:59 - Light_Outdoor_Frontdoor received command ON
2014-12-02 00:39:07 - Light_Outdoor_Frontdoor received command OFF
2014-12-02 00:39:10 - Light_Outdoor_Frontdoor received command ON
2014-12-02 00:39:39 - Light_FF_Bath_Ceiling received command OFF
2014-12-02 00:39:39 - Light_FF_Bath_Ceiling received command ON
2014-12-02 00:39:45 - Shutter_FF_Bath received command STOP
2014-12-02 00:39:51 - Heating_FF_Bath received command ON
2014-12-02 00:39:51 - Heating_FF_Bath received command OFF
2014-12-02 00:39:52 - Weather_Humidity state updated to 69
2014-12-02 00:39:54 - Weather_Temperature state updated to -3
2014-12-02 00:39:54 - Weather_LastUpdate state updated to 2014-12-02T00:39:54
2014-12-02 00:40:00 - Temperature_GF_Corridor state updated to 19.20000000
2014-12-02 00:40:00 - Temperature_GF_Toilet state updated to 19.80000000
2014-12-02 00:40:00 - Temperature_GF_Living state updated to 21.80000000
2014-12-02 00:40:00 - Temperature_GF_Kitchen state updated to 19.90000000
2014-12-02 00:40:00 - Temperature_FF_Bath state updated to 18.50000000
2014-12-02 00:40:00 - Temperature_FF_Office state updated to 21.00000000
2014-12-02 00:40:00 - Temperature_FF_Child state updated to 18.60000000
2014-12-02 00:40:00 - Temperature_FF_Bed state updated to 19.40000000
2014-12-02 00:40:02 - Light_FF_Corridor_Ceiling received command ON
2014-12-02 00:40:02 - Light_FF_Corridor_Ceiling received command OFF
2014-12-02 00:40:11 - Light_FF_Bed_Ceiling received command OFF
2014-12-02 00:40:16 - Shutter_FF_Bed received command UP
2014-12-02 00:40:17 - Shutter_FF_Bed received command UP
2014-12-02 00:40:17 - Shutter_FF_Bed received command UP
2014-12-02 00:40:18 - Shutter_FF_Bed received command UP
2014-12-02 00:40:19 - Shutter_FF_Bed received command UP
2014-12-02 00:40:54 - Weather_Humidity state updated to 69
2014-12-02 00:40:55 - Weather_Temperature state updated to -3
2014-12-02 00:40:55 - Weather_LastUpdate state updated to 2014-12-02T00:40:55
2014-12-02 00:41:54 - Weather_Humidity state updated to 69
2014-12-02 00:41:56 - Weather_Temperature state updated to -3
2014-12-02 00:41:56 - Weather_LastUpdate state updated to 2014-12-02T00:41:56
2014-12-02 00:42:56 - Weather_Humidity state updated to 69
2014-12-02 00:42:57 - Weather_Temperature state updated to -3
2014-12-02 00:42:57 - Weather_LastUpdate state updated to 2014-12-02T00:42:57
2014-12-02 00:43:56 - Weather_Humidity state updated to 69
2014-12-02 00:43:58 - Weather_Temperature state updated to -3
2014-12-02 00:43:58 - Weather_LastUpdate state updated to 2014-12-02T00:43:58
2014-12-02 00:44:57 - Weather_Humidity state updated to 69
2014-12-02 00:44:59 - Weather_Temperature state updated to -3
2014-12-02 00:44:59 - Weather_LastUpdate state updated to 2014-12-02T00:44:59
2014-12-02 00:45:00 - Temperature_GF_Corridor state updated to 18.80000000
2014-12-02 00:45:00 - Temperature_GF_Toilet state updated to 22.40000000
2014-12-02 00:45:00 - Temperature_GF_Living state updated to 21.10000000
2014-12-02 00:45:00 - Temperature_GF_Kitchen state updated to 18.30000000
2014-12-02 00:45:00 - Temperature_FF_Bath state updated to 19.00000000
2014-12-02 00:45:00 - Temperature_FF_Office state updated to 22.50000000
2014-12-02 00:45:00 - Temperature_FF_Child state updated to 20.60000000
2014-12-02 00:45:00 - Temperature_FF_Bed state updated to 17.90000000
2014-12-02 00:45:58 - Weather_Humidity state updated to 69
2014-12-02 00:45:59 - Weather_Temperature state updated to -3
2014-12-02 00:45:59 - Weather_LastUpdate state updated to 2014-12-02T00:45:59
2014-12-02 00:46:59 - Weather_Humidity state updated to 69
2014-12-02 00:47:00 - Weather_Temperature state updated to -3
2014-12-02 00:47:00 - Weather_LastUpdate state updated to 2014-12-02T00:47:00
2014-12-02 00:47:37 - Date state updated to 2014-12-02T00:47:37
2014-12-02 00:47:59 - Weather_Humidity state updated to 69
2014-12-02 00:48:01 - Weather_Temperature state updated to -3
2014-12-02 00:48:01 - Weather_LastUpdate state updated to 2014-12-02T00:48:01
2014-12-02 00:49:00 - Weather_Humidity state updated to 69
2014-12-02 00:49:02 - Weather_Temperature state updated to -3
2014-12-02 00:49:02 - Weather_LastUpdate state updated to 2014-12-02T00:49:02
2014-12-02 00:49:25 - Lights received command OFF
2014-12-02 00:49:25 - Light_GF_Living_Table received command OFF
2014-12-02 00:49:25 - Light_GF_Corridor_Ceiling received command OFF
2014-12-02 00:49:25 - Light_GF_Kitchen_Ceiling received command OFF
2014-12-02 00:49:25 - Light_GF_Kitchen_Table received command OFF
2014-12-02 00:49:25 - Light_GF_Corridor_Wardrobe received command OFF
2014-12-02 00:49:25 - Light_GF_Toilet_Ceiling received command OFF
2014-12-02 00:49:25 - Light_GF_Toilet_Mirror received command OFF
2014-12-02 00:49:25 - Light_FF_Bath_Ceiling received command OFF
2014-12-02 00:49:25 - Light_FF_Bath_Mirror received command OFF
2014-12-02 00:49:25 - Light_FF_Corridor_Ceiling received command OFF
2014-12-02 00:49:25 - Light_FF_Office_Ceiling received command OFF
2014-12-02 00:49:25 - Light_FF_Child_Ceiling received command OFF
2014-12-02 00:49:25 - Light_FF_Bed_Ceiling received command OFF
2014-12-02 00:49:25 - Light_C_Corridor_Ceiling received command OFF
2014-12-02 00:49:26 - Light_C_Staircase received command OFF
2014-12-02 00:49:26 - Light_C_Washing_Ceiling received command OFF
2014-12-02 00:49:26 - Light_C_Workshop received command OFF
2014-12-02 00:49:26 - Light_Outdoor_Garage received command OFF
2014-12-02 00:49:26 - Light_Outdoor_Terrace received command OFF
2014-12-02 00:49:26 - Light_Outdoor_Frontdoor received command OFF
2014-12-02 00:50:00 - Temperature_GF_Corridor state updated to 20.90000000
2014-12-02 00:50:00 - Temperature_GF_Toilet state updated to 17.70000000
2014-12-02 00:50:00 - Temperature_GF_Living state updated to 20.50000000
2014-12-02 00:50:00 - Temperature_GF_Kitchen state updated to 18.20000000
2014-12-02 00:50:00 - Temperature_FF_Bath state updated to 20.00000000
2014-12-02 00:50:00 - Temperature_FF_Office state updated to 19.70000000
2014-12-02 00:50:00 - Temperature_FF_Child state updated to 19.30000000
2014-12-02 00:50:00 - Temperature_FF_Bed state updated to 18.80000000
2014-12-02 00:50:01 - Weather_Humidity state updated to 69
2014-12-02 00:50:02 - Weather_Temperature state updated to -3
2014-12-02 00:50:02 - Weather_LastUpdate state updated to 2014-12-02T00:50:02
2014-12-02 00:51:02 - Weather_Humidity state updated to 69
2014-12-02 00:51:03 - Weather_Temperature state updated to -3
2014-12-02 00:51:03 - Weather_LastUpdate state updated to 2014-12-02T00:51:03
2014-12-02 00:52:03 - Weather_Humidity state updated to 69
2014-12-02 00:52:04 - Weather_Temperature state updated to -3
2014-12-02 00:52:04 - Weather_LastUpdate state updated to 2014-12-02T00:52:04
2014-12-02 00:53:02 - Scene_General received command 1
2014-12-02 00:53:03 - Weather_Humidity state updated to 69
2014-12-02 00:53:05 - Weather_Temperature state updated to -3
2014-12-02 00:53:05 - Weather_LastUpdate state updated to 2014-12-02T00:53:05
2014-12-02 00:55:00 - Temperature_GF_Corridor state updated to 17.80000000
2014-12-02 00:55:00 - Temperature_GF_Toilet state updated to 21.50000000
2014-12-02 00:55:00 - Temperature_GF_Living state updated to 18.90000000
2014-12-02 00:55:00 - Temperature_GF_Kitchen state updated to 19.20000000
2014-12-02 00:55:00 - Temperature_FF_Bath state updated to 22.40000000
2014-12-02 00:55:00 - Temperature_FF_Office state updated to 18.90000000
2014-12-02 00:55:00 - Temperature_FF_Child state updated to 20.00000000
2014-12-02 00:55:00 - Temperature_FF_Bed state updated to 18.90000000
2014-12-02 00:55:14 - Weather_Humidity state updated to 69
2014-12-02 00:55:14 - Weather_Temperature state updated to -3
2014-12-02 00:55:14 - Weather_LastUpdate state updated to 2014-12-02T00:55:14
2014-12-02 00:56:15 - Weather_Humidity state updated to 69
2014-12-02 00:56:15 - Weather_Temperature state updated to -3
2014-12-02 00:56:15 - Weather_LastUpdate state updated to 2014-12-02T00:56:15
2014-12-02 00:57:15 - Weather_Humidity state updated to 69
2014-12-02 00:57:16 - Weather_Temperature state updated to -3
2014-12-02 00:57:16 - Weather_LastUpdate state updated to 2014-12-02T00:57:16
2014-12-02 00:58:04 - Scene_General received command 0
2014-12-02 00:58:17 - Weather_Humidity state updated to 69
2014-12-02 00:58:18 - Weather_Temperature state updated to -3
2014-12-02 00:58:18 - Weather_LastUpdate state updated to 2014-12-02T00:58:18
2014-12-02 00:58:48 - DemoSwitch received command ON
2014-12-02 00:58:50 - DemoSwitch received command ON
2014-12-02 00:58:55 - DemoSwitch received command ON
2014-12-02 00:59:09 - DemoSwitch received command ON
2014-12-02 00:59:15 - DemoSwitch received command OFF
2014-12-02 00:59:15 - DemoSwitch received command ON
2014-12-02 00:59:17 - DemoSwitch received command ON
2014-12-02 00:59:19 - DemoSwitch received command OFF
2014-12-02 00:59:19 - Weather_Humidity state updated to 69
2014-12-02 00:59:19 - Weather_Temperature state updated to -3
2014-12-02 00:59:19 - Weather_LastUpdate state updated to 2014-12-02T00:59:19
2014-12-02 00:59:20 - DemoSwitch received command ON
2014-12-02 01:00:00 - Temperature_GF_Corridor state updated to 17.90000000
2014-12-02 01:00:00 - Temperature_GF_Toilet state updated to 19.70000000
2014-12-02 01:00:00 - Temperature_GF_Living state updated to 17.70000000
2014-12-02 01:00:00 - Temperature_GF_Kitchen state updated to 18.90000000
2014-12-02 01:00:00 - Temperature_FF_Bath state updated to 21.90000000
2014-12-02 01:00:00 - Temperature_FF_Office state updated to 20.00000000
2014-12-02 01:00:00 - Temperature_FF_Child state updated to 22.10000000
2014-12-02 01:00:00 - Temperature_FF_Bed state updated to 18.60000000
2014-12-02 01:00:21 - Weather_Humidity state updated to 69
2014-12-02 01:00:21 - Weather_Temperature state updated to -3
2014-12-02 01:00:21 - Weather_LastUpdate state updated to 2014-12-02T01:00:21
2014-12-02 01:01:27 - Weather_Humidity state updated to 69
2014-12-02 01:01:27 - Weather_Temperature state updated to -3
2014-12-02 01:01:27 - Weather_LastUpdate state updated to 2014-12-02T01:01:27
2014-12-02 01:02:27 - Weather_Humidity state updated to 69
2014-12-02 01:02:28 - Weather_Temperature state updated to -3
2014-12-02 01:02:28 - Weather_LastUpdate state updated to 2014-12-02T01:02:28
2014-12-02 01:02:38 - Date state updated to 2014-12-02T01:02:38
2014-12-02 01:03:28 - Weather_Humidity state updated to 69
2014-12-02 01:03:29 - Weather_Temperature state updated to -3
2014-12-02 01:03:29 - Weather_LastUpdate state updated to 2014-12-02T01:03:29
2014-12-02 01:04:29 - Weather_Humidity state updated to 69
2014-12-02 01:04:29 - Weather_Temperature state updated to -3
2014-12-02 01:04:29 - Weather_LastUpdate state updated to 2014-12-02T01:04:29
2014-12-02 01:05:00 - Temperature_GF_Corridor state updated to 20.40000000
2014-12-02 01:05:00 - Temperature_GF_Toilet state updated to 21.60000000
2014-12-02 01:05:00 - Temperature_GF_Living state updated to 19.10000000
2014-12-02 01:05:00 - Temperature_GF_Kitchen state updated to 21.80000000
2014-12-02 01:05:00 - Temperature_FF_Bath state updated to 19.60000000
2014-12-02 01:05:00 - Temperature_FF_Office state updated to 17.60000000
2014-12-02 01:05:00 - Temperature_FF_Child state updated to 20.40000000
2014-12-02 01:05:00 - Temperature_FF_Bed state updated to 19.90000000
2014-12-02 01:05:31 - Weather_Humidity state updated to 69
2014-12-02 01:05:31 - Weather_Temperature state updated to -3
2014-12-02 01:05:31 - Weather_LastUpdate state updated to 2014-12-02T01:05:31
2014-12-02 01:06:32 - Weather_Humidity state updated to 69
2014-12-02 01:06:32 - Weather_Temperature state updated to -3
2014-12-02 01:06:32 - Weather_LastUpdate state updated to 2014-12-02T01:06:32
2014-12-02 01:07:32 - Weather_Humidity state updated to 69
2014-12-02 01:07:32 - Weather_Temperature state updated to -3
2014-12-02 01:07:32 - Weather_LastUpdate state updated to 2014-12-02T01:07:32
2014-12-02 01:08:33 - Weather_Humidity state updated to 69
2014-12-02 01:08:33 - Weather_Temperature state updated to -3
2014-12-02 01:08:33 - Weather_LastUpdate state updated to 2014-12-02T01:08:33
2014-12-02 01:09:34 - Weather_Humidity state updated to 69
2014-12-02 01:09:34 - Weather_Temperature state updated to -3
2014-12-02 01:09:34 - Weather_LastUpdate state updated to 2014-12-02T01:09:34
2014-12-04 00:52:42 - Light_GF_Living_Table state updated to ON
2014-12-04 00:52:42 - Light_GF_Corridor_Ceiling state updated to OFF
2014-12-04 00:52:42 - Light_GF_Kitchen_Ceiling state updated to OFF
2014-12-04 00:52:42 - Light_GF_Kitchen_Table state updated to ON
2014-12-04 00:52:42 - Light_GF_Corridor_Wardrobe state updated to ON
2014-12-04 00:52:42 - Light_GF_Toilet_Ceiling state updated to OFF
2014-12-04 00:52:42 - Light_GF_Toilet_Mirror state updated to OFF
2014-12-04 00:52:42 - Light_FF_Bath_Ceiling state updated to OFF
2014-12-04 00:52:42 - Light_FF_Bath_Mirror state updated to OFF
2014-12-04 00:52:42 - Light_FF_Corridor_Ceiling state updated to OFF
2014-12-04 00:52:42 - Light_FF_Office_Ceiling state updated to OFF
2014-12-04 00:52:42 - Light_FF_Child_Ceiling state updated to OFF
2014-12-04 00:52:42 - Light_FF_Bed_Ceiling state updated to ON
2014-12-04 00:52:42 - Light_C_Corridor_Ceiling state updated to OFF
2014-12-04 00:52:42 - Light_C_Staircase state updated to OFF
2014-12-04 00:52:42 - Light_C_Washing_Ceiling state updated to OFF
2014-12-04 00:52:42 - Light_C_Workshop state updated to ON
2014-12-04 00:52:43 - Light_Outdoor_Garage state updated to OFF
2014-12-04 00:52:43 - Light_Outdoor_Terrace state updated to OFF
2014-12-04 00:52:43 - Light_Outdoor_Frontdoor state updated to OFF
2014-12-04 00:52:43 - Light_GF_Living_Table state updated to OFF
2014-12-04 00:52:43 - Light_GF_Corridor_Ceiling state updated to ON
2014-12-04 00:52:43 - Light_GF_Kitchen_Ceiling state updated to ON
2014-12-04 00:52:44 - Light_GF_Kitchen_Table state updated to OFF
2014-12-04 00:52:44 - Light_GF_Corridor_Wardrobe state updated to ON
2014-12-04 00:52:44 - Light_GF_Toilet_Ceiling state updated to OFF
2014-12-04 00:52:44 - Light_GF_Toilet_Mirror state updated to OFF
2014-12-04 00:52:44 - Light_FF_Bath_Ceiling state updated to OFF
2014-12-04 00:52:44 - Light_FF_Bath_Mirror state updated to OFF
2014-12-04 00:52:44 - Light_FF_Corridor_Ceiling state updated to OFF
2014-12-04 00:52:44 - Light_FF_Office_Ceiling state updated to OFF
2014-12-04 00:52:44 - Light_FF_Child_Ceiling state updated to OFF
2014-12-04 00:52:44 - Light_FF_Bed_Ceiling state updated to OFF
2014-12-04 00:52:44 - Light_C_Corridor_Ceiling state updated to OFF
2014-12-04 00:52:45 - Light_C_Staircase state updated to OFF
2014-12-04 00:52:45 - Light_C_Washing_Ceiling state updated to ON
2014-12-04 00:52:45 - Light_C_Workshop state updated to OFF
2014-12-04 00:52:45 - Light_Outdoor_Garage state updated to ON
2014-12-04 00:52:45 - Light_Outdoor_Terrace state updated to OFF
2014-12-04 00:52:45 - Light_Outdoor_Frontdoor state updated to OFF
2014-12-04 00:52:45 - Heating_GF_Corridor state updated to OFF
2014-12-04 00:52:46 - Heating_GF_Toilet state updated to OFF
2014-12-04 00:52:46 - Heating_GF_Living state updated to OFF
2014-12-04 00:52:46 - Heating_GF_Kitchen state updated to OFF
2014-12-04 00:52:46 - Heating_FF_Bath state updated to OFF
2014-12-04 00:52:47 - Heating_FF_Office state updated to ON
2014-12-04 00:52:48 - Heating_FF_Child state updated to OFF
2014-12-04 00:52:49 - Heating_FF_Bed state updated to OFF
2014-12-04 00:52:49 - Heating_GF_Corridor state updated to OFF
2014-12-04 00:52:49 - Heating_GF_Toilet state updated to OFF
2014-12-04 00:52:50 - Heating_GF_Living state updated to OFF
2014-12-04 00:52:50 - Heating_GF_Kitchen state updated to OFF
2014-12-04 00:52:50 - Heating_FF_Bath state updated to OFF
2014-12-04 00:52:50 - Heating_FF_Office state updated to ON
2014-12-04 00:52:50 - Heating_FF_Child state updated to OFF
2014-12-04 00:52:50 - Heating_FF_Bed state updated to OFF
2014-12-04 00:52:50 - Temperature_Setpoint state updated to 22
2014-12-04 00:52:50 - Window_GF_Frontdoor state updated to CLOSED
2014-12-04 00:52:50 - Window_GF_Kitchen state updated to CLOSED
2014-12-04 00:52:50 - Window_GF_Living state updated to OPEN
2014-12-04 00:52:51 - Window_GF_Toilet state updated to OPEN
2014-12-04 00:52:52 - Window_FF_Bath state updated to OPEN
2014-12-04 00:52:52 - Window_FF_Bed state updated to CLOSED
2014-12-04 00:52:53 - Window_FF_Office_Window state updated to OPEN
2014-12-04 00:52:53 - Window_FF_Office_Door state updated to CLOSED
2014-12-04 00:52:53 - Garage_Door state updated to CLOSED
2014-12-04 00:52:53 - Window_GF_Frontdoor state updated to CLOSED
2014-12-04 00:52:53 - Window_GF_Kitchen state updated to OPEN
2014-12-04 00:52:53 - Window_GF_Living state updated to CLOSED
2014-12-04 00:52:53 - Window_GF_Toilet state updated to CLOSED
2014-12-04 00:52:53 - Window_FF_Bath state updated to OPEN
2014-12-04 00:52:54 - Window_FF_Bed state updated to OPEN
2014-12-04 00:52:54 - Window_FF_Office_Window state updated to CLOSED
2014-12-04 00:52:54 - Window_FF_Office_Door state updated to CLOSED
2014-12-04 00:52:54 - Garage_Door state updated to CLOSED
2014-12-04 00:52:54 - Temperature_GF_Corridor state updated to 22.50000000
2014-12-04 00:52:54 - Temperature_GF_Toilet state updated to 22.50000000
2014-12-04 00:52:54 - Temperature_GF_Living state updated to 19.10000000
2014-12-04 00:52:54 - Temperature_GF_Kitchen state updated to 22.20000000
2014-12-04 00:52:55 - Temperature_FF_Bath state updated to 21.00000000
2014-12-04 00:52:55 - Temperature_FF_Office state updated to 21.00000000
2014-12-04 00:52:55 - Temperature_FF_Child state updated to 20.40000000
2014-12-04 00:52:55 - Temperature_FF_Bed state updated to 19.90000000
2014-12-04 00:52:55 - Temperature_GF_Corridor state updated to 19.80000000
2014-12-04 00:52:55 - Temperature_GF_Toilet state updated to 21.80000000
2014-12-04 00:52:56 - Temperature_GF_Living state updated to 17.60000000
2014-12-04 00:52:56 - Temperature_GF_Kitchen state updated to 22.40000000
2014-12-04 00:52:56 - Temperature_FF_Bath state updated to 19.40000000
2014-12-04 00:52:56 - Temperature_FF_Office state updated to 22.10000000
2014-12-04 00:52:56 - Temperature_FF_Child state updated to 17.90000000
2014-12-04 00:52:56 - Temperature_FF_Bed state updated to 18.30000000
2014-12-04 00:52:57 - Date state updated to 2014-12-04T00:52:44
2014-12-04 00:52:57 - Weather_Temp_Max state updated to -3
2014-12-04 00:52:57 - Weather_LastUpdate state updated to 2014-12-04T00:52:52
2014-12-04 00:52:57 - Weather_Temp_Min state updated to -3
2014-12-04 00:53:04 - Weather_Humidity state updated to 87
2014-12-04 00:53:05 - Weather_Temperature state updated to 0
2014-12-04 00:53:05 - Weather_LastUpdate state updated to 2014-12-04T00:53:05
2014-12-04 00:53:08 - Weather_Temp_Max state updated to 0
2014-12-04 00:53:09 - Weather_Temp_Min state updated to 0
2014-12-04 00:53:11 - Weather_Humidex state updated to -6.1865666421591996
2014-12-04 00:53:11 - Weather_Humidex state updated to -2.6014222430336000
2014-12-04 00:54:05 - Weather_Humidity state updated to 87
2014-12-04 00:54:05 - Weather_Temperature state updated to 0
2014-12-04 00:54:06 - Weather_LastUpdate state updated to 2014-12-04T00:54:06
2014-12-04 00:55:00 - Temperature_GF_Corridor state updated to 17.60000000
2014-12-04 00:55:00 - Temperature_GF_Toilet state updated to 17.90000000
2014-12-04 00:55:00 - Temperature_GF_Living state updated to 18.90000000
2014-12-04 00:55:00 - Temperature_GF_Kitchen state updated to 17.60000000
2014-12-04 00:55:00 - Temperature_FF_Bath state updated to 22.10000000
2014-12-04 00:55:00 - Temperature_FF_Office state updated to 19.80000000
2014-12-04 00:55:01 - Temperature_FF_Child state updated to 20.20000000
2014-12-04 00:55:01 - Temperature_FF_Bed state updated to 21.70000000
2014-12-04 00:55:01 - Temperature_GF_Corridor state updated to 22.00000000
2014-12-04 00:55:01 - Temperature_GF_Toilet state updated to 18.10000000
2014-12-04 00:55:01 - Temperature_GF_Living state updated to 18.50000000
2014-12-04 00:55:01 - Temperature_GF_Kitchen state updated to 21.30000000
2014-12-04 00:55:01 - Temperature_FF_Bath state updated to 18.50000000
2014-12-04 00:55:01 - Temperature_FF_Office state updated to 19.50000000
2014-12-04 00:55:01 - Temperature_FF_Child state updated to 20.50000000
2014-12-04 00:55:01 - Temperature_FF_Bed state updated to 18.20000000
2014-12-04 00:55:06 - Weather_Humidity state updated to 87
2014-12-04 00:55:06 - Weather_Temperature state updated to 0
2014-12-04 00:55:07 - Weather_LastUpdate state updated to 2014-12-04T00:55:07
