2014-12-02 00:30:48.198 [WARN ] [o.config.core.ConfigDispatcher] - Main openHAB configuration file 'configurations/openhab.cfg' does not exist.
2014-12-02 00:30:48.286 [INFO ] [.o.core.internal.CoreActivator] - openHAB runtime has been started (v1.6.1).
2014-12-02 00:31:07.815 [INFO ] [o.o.i.s.i.DiscoveryServiceImpl] - mDNS service has been started
2014-12-02 00:31:08.782 [INFO ] [o.o.i.s.i.DiscoveryServiceImpl] - Service Discovery initialization completed.
2014-12-02 00:31:14.440 [INFO ] [c.internal.ModelRepositoryImpl] - Loading model 'exec.persist'
2014-12-02 00:31:17.088 [INFO ] [c.internal.ModelRepositoryImpl] - Loading model 'db4o.persist'
2014-12-02 00:31:17.391 [INFO ] [c.internal.ModelRepositoryImpl] - Loading model 'rrd4j.persist'
2014-12-02 00:31:17.590 [INFO ] [c.internal.ModelRepositoryImpl] - Loading model 'logging.persist'
2014-12-02 00:31:18.128 [INFO ] [c.internal.ModelRepositoryImpl] - Loading model 'demo.items'
2014-12-02 00:31:31.669 [INFO ] [c.internal.ModelRepositoryImpl] - Loading model 'demo.script'
2014-12-02 00:31:45.764 [INFO ] [c.internal.ModelRepositoryImpl] - Loading model 'demo.sitemap'
2014-12-02 00:31:52.190 [INFO ] [penhab.io.rest.RESTApplication] - Started REST API at /rest
2014-12-02 00:31:58.054 [INFO ] [.o.u.w.i.servlet.WebAppServlet] - Started Classic UI at /openhab.app
2014-12-02 00:32:10.043 [INFO ] [c.internal.ModelRepositoryImpl] - Loading model 'demo.rules'
2014-12-02 00:32:33.459 [WARN ] [.o.c.p.e.PersistenceExtensions] - There is no queryable persistence service registered with the name 'rrd4j'
2014-12-02 00:32:33.483 [ERROR] [m.r.internal.engine.RuleEngine] - Error during the execution of startup rule 'Update max and min temperatures': cannot invoke method public abstract org.openhab.core.types.State org.openhab.core.persistence.HistoricItem.getState() on null
2014-12-02 00:32:36.093 [INFO ] [.service.AbstractActiveService] - NTP Refresh Service has been started
2014-12-02 00:32:36.288 [INFO ] [.service.AbstractActiveService] - HTTP Refresh Service has been started
2014-12-02 00:32:44.778 [ERROR] [o.o.c.s.ScriptExecutionThread ] - Error during the execution of rule 'Compute humidex': Cannot cast org.openhab.core.types.UnDefType to org.openhab.core.library.types.DecimalType
2014-12-02 00:32:49.288 [ERROR] [o.o.c.s.ScriptExecutionThread ] - Error during the execution of rule 'Update max and min temperatures'
java.lang.NullPointerException: null
	at org.openhab.core.persistence.extensions.PersistenceExtensions.deltaSince(PersistenceExtensions.java:463) ~[na:na]
	at org.openhab.core.persistence.extensions.PersistenceExtensions.deltaSince(PersistenceExtensions.java:446) ~[na:na]
	at sun.reflect.NativeMethodAccessorImpl.invoke0(Native Method) ~[na:1.7.0_40]
	at sun.reflect.NativeMethodAccessorImpl.invoke(NativeMethodAccessorImpl.java:57) ~[na:1.7.0_40]
	at sun.reflect.DelegatingMethodAccessorImpl.invoke(DelegatingMethodAccessorImpl.java:43) ~[na:1.7.0_40]
	at java.lang.reflect.Method.invoke(Method.java:606) ~[na:1.7.0_40]
	at org.eclipse.xtext.xbase.interpreter.impl.XbaseInterpreter.invokeOperation(XbaseInterpreter.java:729) ~[na:na]
	at org.eclipse.xtext.xbase.interpreter.impl.XbaseInterpreter._featureCallOperation(XbaseInterpreter.java:713) ~[na:na]
	at sun.reflect.GeneratedMethodAccessor36.invoke(Unknown Source) ~[na:na]
	at sun.reflect.DelegatingMethodAccessorImpl.invoke(DelegatingMethodAccessorImpl.java:43) ~[na:1.7.0_40]
	at java.lang.reflect.Method.invoke(Method.java:606) ~[na:1.7.0_40]
	at org.eclipse.xtext.util.PolymorphicDispatcher.invoke(PolymorphicDispatcher.java:291) ~[na:na]
	at org.openhab.model.script.interpreter.ScriptInterpreter.internalFeatureCallDispatch(ScriptInterpreter.java:69) ~[na:na]
	at org.eclipse.xtext.xbase.interpreter.impl.XbaseInterpreter._evaluateMemberFeatureCall(XbaseInterpreter.java:549) ~[na:na]
	at sun.reflect.GeneratedMethodAccessor44.invoke(Unknown Source) ~[na:na]
	at sun.reflect.DelegatingMethodAccessorImpl.invoke(DelegatingMethodAccessorImpl.java:43) ~[na:1.7.0_40]
	at java.lang.reflect.Method.invoke(Method.java:606) ~[na:1.7.0_40]
	at org.eclipse.xtext.util.PolymorphicDispatcher.invoke(PolymorphicDispatcher.java:291) ~[na:na]
	at org.eclipse.xtext.xbase.interpreter.impl.XbaseInterpreter.internalEvaluate(XbaseInterpreter.java:218) ~[na:na]
	at org.eclipse.xtext.xbase.interpreter.impl.XbaseInterpreter._evaluateMemberFeatureCall(XbaseInterpreter.java:545) ~[na:na]
	at sun.reflect.GeneratedMethodAccessor44.invoke(Unknown Source) ~[na:na]
	at sun.reflect.DelegatingMethodAccessorImpl.invoke(DelegatingMethodAccessorImpl.java:43) ~[na:1.7.0_40]
	at java.lang.reflect.Method.invoke(Method.java:606) ~[na:1.7.0_40]
	at org.eclipse.xtext.util.PolymorphicDispatcher.invoke(PolymorphicDispatcher.java:291) ~[na:na]
	at org.eclipse.xtext.xbase.interpreter.impl.XbaseInterpreter.internalEvaluate(XbaseInterpreter.java:218) ~[na:na]
	at org.eclipse.xtext.xbase.interpreter.impl.XbaseInterpreter.evaluateArgumentExpressions(XbaseInterpreter.java:751) ~[na:na]
	at org.eclipse.xtext.xbase.interpreter.impl.XbaseInterpreter._featureCallOperation(XbaseInterpreter.java:712) ~[na:na]
	at sun.reflect.GeneratedMethodAccessor36.invoke(Unknown Source) ~[na:na]
	at sun.reflect.DelegatingMethodAccessorImpl.invoke(DelegatingMethodAccessorImpl.java:43) ~[na:1.7.0_40]
	at java.lang.reflect.Method.invoke(Method.java:606) ~[na:1.7.0_40]
	at org.eclipse.xtext.util.PolymorphicDispatcher.invoke(PolymorphicDispatcher.java:291) ~[na:na]
	at org.openhab.model.script.interpreter.ScriptInterpreter.internalFeatureCallDispatch(ScriptInterpreter.java:69) ~[na:na]
	at org.eclipse.xtext.xbase.interpreter.impl.XbaseInterpreter._evaluateAbstractFeatureCall(XbaseInterpreter.java:658) ~[na:na]
	at sun.reflect.GeneratedMethodAccessor35.invoke(Unknown Source) ~[na:na]
	at sun.reflect.DelegatingMethodAccessorImpl.invoke(DelegatingMethodAccessorImpl.java:43) ~[na:1.7.0_40]
	at java.lang.reflect.Method.invoke(Method.java:606) ~[na:1.7.0_40]
	at org.eclipse.xtext.util.PolymorphicDispatcher.invoke(PolymorphicDispatcher.java:291) ~[na:na]
	at org.eclipse.xtext.xbase.interpreter.impl.XbaseInterpreter.internalEvaluate(XbaseInterpreter.java:218) ~[na:na]
	at org.eclipse.xtext.xbase.interpreter.impl.XbaseInterpreter.evaluateArgumentExpressions(XbaseInterpreter.java:751) ~[na:na]
	at org.eclipse.xtext.xbase.interpreter.impl.XbaseInterpreter._featureCallOperation(XbaseInterpreter.java:712) ~[na:na]
	at sun.reflect.GeneratedMethodAccessor36.invoke(Unknown Source) ~[na:na]
	at sun.reflect.DelegatingMethodAccessorImpl.invoke(DelegatingMethodAccessorImpl.java:43) ~[na:1.7.0_40]
	at java.lang.reflect.Method.invoke(Method.java:606) ~[na:1.7.0_40]
	at org.eclipse.xtext.util.PolymorphicDispatcher.invoke(PolymorphicDispatcher.java:291) ~[na:na]
	at org.openhab.model.script.interpreter.ScriptInterpreter.internalFeatureCallDispatch(ScriptInterpreter.java:69) ~[na:na]
	at org.eclipse.xtext.xbase.interpreter.impl.XbaseInterpreter._evaluateAbstractFeatureCall(XbaseInterpreter.java:658) ~[na:na]
	at sun.reflect.GeneratedMethodAccessor35.invoke(Unknown Source) ~[na:na]
	at sun.reflect.DelegatingMethodAccessorImpl.invoke(DelegatingMethodAccessorImpl.java:43) ~[na:1.7.0_40]
	at java.lang.reflect.Method.invoke(Method.java:606) ~[na:1.7.0_40]
	at org.eclipse.xtext.util.PolymorphicDispatcher.invoke(PolymorphicDispatcher.java:291) ~[na:na]
	at org.eclipse.xtext.xbase.interpreter.impl.XbaseInterpreter.internalEvaluate(XbaseInterpreter.java:218) ~[na:na]
	at org.eclipse.xtext.xbase.interpreter.impl.XbaseInterpreter.evaluateArgumentExpressions(XbaseInterpreter.java:751) ~[na:na]
	at org.eclipse.xtext.xbase.interpreter.impl.XbaseInterpreter._featureCallOperation(XbaseInterpreter.java:712) ~[na:na]
	at sun.reflect.GeneratedMethodAccessor36.invoke(Unknown Source) ~[na:na]
	at sun.reflect.DelegatingMethodAccessorImpl.invoke(DelegatingMethodAccessorImpl.java:43) ~[na:1.7.0_40]
	at java.lang.reflect.Method.invoke(Method.java:606) ~[na:1.7.0_40]
	at org.eclipse.xtext.util.PolymorphicDispatcher.invoke(PolymorphicDispatcher.java:291) ~[na:na]
	at org.openhab.model.script.interpreter.ScriptInterpreter.internalFeatureCallDispatch(ScriptInterpreter.java:69) ~[na:na]
	at org.eclipse.xtext.xbase.interpreter.impl.XbaseInterpreter._evaluateAbstractFeatureCall(XbaseInterpreter.java:658) ~[na:na]
	at sun.reflect.GeneratedMethodAccessor35.invoke(Unknown Source) ~[na:na]
	at sun.reflect.DelegatingMethodAccessorImpl.invoke(DelegatingMethodAccessorImpl.java:43) ~[na:1.7.0_40]
	at java.lang.reflect.Method.invoke(Method.java:606) ~[na:1.7.0_40]
	at org.eclipse.xtext.util.PolymorphicDispatcher.invoke(PolymorphicDispatcher.java:291) ~[na:na]
	at org.eclipse.xtext.xbase.interpreter.impl.XbaseInterpreter.internalEvaluate(XbaseInterpreter.java:218) ~[na:na]
	at org.eclipse.xtext.xbase.interpreter.impl.XbaseInterpreter._evaluateBlockExpression(XbaseInterpreter.java:321) ~[na:na]
	at sun.reflect.NativeMethodAccessorImpl.invoke0(Native Method) ~[na:1.7.0_40]
	at sun.reflect.NativeMethodAccessorImpl.invoke(NativeMethodAccessorImpl.java:57) ~[na:1.7.0_40]
	at sun.reflect.DelegatingMethodAccessorImpl.invoke(DelegatingMethodAccessorImpl.java:43) ~[na:1.7.0_40]
	at java.lang.reflect.Method.invoke(Method.java:606) ~[na:1.7.0_40]
	at org.eclipse.xtext.util.PolymorphicDispatcher.invoke(PolymorphicDispatcher.java:291) ~[na:na]
	at org.eclipse.xtext.xbase.interpreter.impl.XbaseInterpreter.internalEvaluate(XbaseInterpreter.java:218) ~[na:na]
	at org.eclipse.xtext.xbase.interpreter.impl.XbaseInterpreter.evaluate(XbaseInterpreter.java:204) ~[na:na]
	at org.openhab.model.script.internal.engine.ScriptImpl.execute(ScriptImpl.java:59) ~[na:na]
	at org.openhab.core.scriptengine.ScriptExecutionThread.run(ScriptExecutionThread.java:44) ~[na:na]
2014-12-02 00:54:14.155 [ERROR] [g.openhab.io.net.http.HttpUtil] - Fatal transport error: java.net.UnknownHostException: weather.yahooapis.com
2014-12-02 00:54:14.158 [ERROR] [.o.b.http.internal.HttpBinding] - No response received from 'http://weather.yahooapis.com/forecastrss?w=638242&u=c'
2014-12-02 00:54:14.167 [ERROR] [g.openhab.io.net.http.HttpUtil] - Fatal transport error: java.net.UnknownHostException: weather.yahooapis.com
2014-12-02 00:54:14.169 [ERROR] [.o.b.http.internal.HttpBinding] - No response received from 'http://weather.yahooapis.com/forecastrss?w=638242&u=c'
2014-12-02 00:58:55.895 [INFO ] [.model.script.Persistence Demo] - You did not press this button during the last 5 seconds!
2014-12-02 00:59:09.491 [INFO ] [.model.script.Persistence Demo] - You did not press this button during the last 5 seconds!
2014-12-02 00:59:15.623 [INFO ] [.model.script.Persistence Demo] - You did not press this button during the last 5 seconds!
2014-12-02 00:59:15.969 [INFO ] [.model.script.Persistence Demo] - You did not press this button during the last 5 seconds!
2014-12-02 01:09:32.945 [INFO ] [penhab.io.rest.RESTApplication] - Stopped REST API
2014-12-02 01:09:37.067 [INFO ] [.o.u.w.i.servlet.WebAppServlet] - Stopped Classic UI
2014-12-04 00:50:54.366 [WARN ] [o.config.core.ConfigDispatcher] - Main openHAB configuration file 'configurations/openhab.cfg' does not exist.
2014-12-04 00:50:54.507 [INFO ] [.o.core.internal.CoreActivator] - openHAB runtime has been started (v1.6.1).
2014-12-04 00:51:14.554 [INFO ] [o.o.i.s.i.DiscoveryServiceImpl] - mDNS service has been started
2014-12-04 00:51:15.502 [INFO ] [o.o.i.s.i.DiscoveryServiceImpl] - Service Discovery initialization completed.
2014-12-04 00:51:21.243 [INFO ] [c.internal.ModelRepositoryImpl] - Loading model 'exec.persist'
2014-12-04 00:51:24.043 [INFO ] [c.internal.ModelRepositoryImpl] - Loading model 'db4o.persist'
2014-12-04 00:51:24.312 [INFO ] [c.internal.ModelRepositoryImpl] - Loading model 'rrd4j.persist'
2014-12-04 00:51:24.480 [INFO ] [c.internal.ModelRepositoryImpl] - Loading model 'logging.persist'
2014-12-04 00:51:25.003 [INFO ] [c.internal.ModelRepositoryImpl] - Loading model 'demo.items'
2014-12-04 00:51:39.132 [INFO ] [c.internal.ModelRepositoryImpl] - Loading model 'demo.script'
2014-12-04 00:51:52.770 [INFO ] [c.internal.ModelRepositoryImpl] - Loading model 'demo.sitemap'
2014-12-04 00:52:00.176 [INFO ] [penhab.io.rest.RESTApplication] - Started REST API at /rest
2014-12-04 00:52:06.195 [INFO ] [.o.u.w.i.servlet.WebAppServlet] - Started Classic UI at /openhab.app
2014-12-04 00:52:16.228 [INFO ] [c.internal.ModelRepositoryImpl] - Loading model 'demo.rules'
2014-12-04 00:52:41.891 [WARN ] [.o.c.p.e.PersistenceExtensions] - There is no queryable persistence service registered with the name 'rrd4j'
2014-12-04 00:52:41.915 [ERROR] [m.r.internal.engine.RuleEngine] - Error during the execution of startup rule 'Update max and min temperatures': cannot invoke method public abstract org.openhab.core.types.State org.openhab.core.persistence.HistoricItem.getState() on null
2014-12-04 00:52:42.011 [INFO ] [.service.AbstractActiveService] - HTTP Refresh Service has been started
2014-12-04 00:52:43.410 [INFO ] [.service.AbstractActiveService] - NTP Refresh Service has been started
2014-12-04 00:53:03.273 [ERROR] [o.o.c.s.ScriptExecutionThread ] - Error during the execution of rule 'Compute humidex': Cannot cast org.openhab.core.types.UnDefType to org.openhab.core.library.types.DecimalType
2014-12-04 00:53:08.435 [ERROR] [o.o.c.s.ScriptExecutionThread ] - Error during the execution of rule 'Update max and min temperatures'
java.lang.NullPointerException: null
	at org.openhab.core.persistence.extensions.PersistenceExtensions.deltaSince(PersistenceExtensions.java:463) ~[na:na]
	at org.openhab.core.persistence.extensions.PersistenceExtensions.deltaSince(PersistenceExtensions.java:446) ~[na:na]
	at sun.reflect.NativeMethodAccessorImpl.invoke0(Native Method) ~[na:1.7.0_40]
	at sun.reflect.NativeMethodAccessorImpl.invoke(NativeMethodAccessorImpl.java:57) ~[na:1.7.0_40]
	at sun.reflect.DelegatingMethodAccessorImpl.invoke(DelegatingMethodAccessorImpl.java:43) ~[na:1.7.0_40]
	at java.lang.reflect.Method.invoke(Method.java:606) ~[na:1.7.0_40]
	at org.eclipse.xtext.xbase.interpreter.impl.XbaseInterpreter.invokeOperation(XbaseInterpreter.java:729) ~[na:na]
	at org.eclipse.xtext.xbase.interpreter.impl.XbaseInterpreter._featureCallOperation(XbaseInterpreter.java:713) ~[na:na]
	at sun.reflect.GeneratedMethodAccessor36.invoke(Unknown Source) ~[na:na]
	at sun.reflect.DelegatingMethodAccessorImpl.invoke(DelegatingMethodAccessorImpl.java:43) ~[na:1.7.0_40]
	at java.lang.reflect.Method.invoke(Method.java:606) ~[na:1.7.0_40]
	at org.eclipse.xtext.util.PolymorphicDispatcher.invoke(PolymorphicDispatcher.java:291) ~[na:na]
	at org.openhab.model.script.interpreter.ScriptInterpreter.internalFeatureCallDispatch(ScriptInterpreter.java:69) ~[na:na]
	at org.eclipse.xtext.xbase.interpreter.impl.XbaseInterpreter._evaluateMemberFeatureCall(XbaseInterpreter.java:549) ~[na:na]
	at sun.reflect.GeneratedMethodAccessor44.invoke(Unknown Source) ~[na:na]
	at sun.reflect.DelegatingMethodAccessorImpl.invoke(DelegatingMethodAccessorImpl.java:43) ~[na:1.7.0_40]
	at java.lang.reflect.Method.invoke(Method.java:606) ~[na:1.7.0_40]
	at org.eclipse.xtext.util.PolymorphicDispatcher.invoke(PolymorphicDispatcher.java:291) ~[na:na]
	at org.eclipse.xtext.xbase.interpreter.impl.XbaseInterpreter.internalEvaluate(XbaseInterpreter.java:218) ~[na:na]
	at org.eclipse.xtext.xbase.interpreter.impl.XbaseInterpreter._evaluateMemberFeatureCall(XbaseInterpreter.java:545) ~[na:na]
	at sun.reflect.GeneratedMethodAccessor44.invoke(Unknown Source) ~[na:na]
	at sun.reflect.DelegatingMethodAccessorImpl.invoke(DelegatingMethodAccessorImpl.java:43) ~[na:1.7.0_40]
	at java.lang.reflect.Method.invoke(Method.java:606) ~[na:1.7.0_40]
	at org.eclipse.xtext.util.PolymorphicDispatcher.invoke(PolymorphicDispatcher.java:291) ~[na:na]
	at org.eclipse.xtext.xbase.interpreter.impl.XbaseInterpreter.internalEvaluate(XbaseInterpreter.java:218) ~[na:na]
	at org.eclipse.xtext.xbase.interpreter.impl.XbaseInterpreter.evaluateArgumentExpressions(XbaseInterpreter.java:751) ~[na:na]
	at org.eclipse.xtext.xbase.interpreter.impl.XbaseInterpreter._featureCallOperation(XbaseInterpreter.java:712) ~[na:na]
	at sun.reflect.GeneratedMethodAccessor36.invoke(Unknown Source) ~[na:na]
	at sun.reflect.DelegatingMethodAccessorImpl.invoke(DelegatingMethodAccessorImpl.java:43) ~[na:1.7.0_40]
	at java.lang.reflect.Method.invoke(Method.java:606) ~[na:1.7.0_40]
	at org.eclipse.xtext.util.PolymorphicDispatcher.invoke(PolymorphicDispatcher.java:291) ~[na:na]
	at org.openhab.model.script.interpreter.ScriptInterpreter.internalFeatureCallDispatch(ScriptInterpreter.java:69) ~[na:na]
	at org.eclipse.xtext.xbase.interpreter.impl.XbaseInterpreter._evaluateAbstractFeatureCall(XbaseInterpreter.java:658) ~[na:na]
	at sun.reflect.GeneratedMethodAccessor35.invoke(Unknown Source) ~[na:na]
	at sun.reflect.DelegatingMethodAccessorImpl.invoke(DelegatingMethodAccessorImpl.java:43) ~[na:1.7.0_40]
	at java.lang.reflect.Method.invoke(Method.java:606) ~[na:1.7.0_40]
	at org.eclipse.xtext.util.PolymorphicDispatcher.invoke(PolymorphicDispatcher.java:291) ~[na:na]
	at org.eclipse.xtext.xbase.interpreter.impl.XbaseInterpreter.internalEvaluate(XbaseInterpreter.java:218) ~[na:na]
	at org.eclipse.xtext.xbase.interpreter.impl.XbaseInterpreter.evaluateArgumentExpressions(XbaseInterpreter.java:751) ~[na:na]
	at org.eclipse.xtext.xbase.interpreter.impl.XbaseInterpreter._featureCallOperation(XbaseInterpreter.java:712) ~[na:na]
	at sun.reflect.GeneratedMethodAccessor36.invoke(Unknown Source) ~[na:na]
	at sun.reflect.DelegatingMethodAccessorImpl.invoke(DelegatingMethodAccessorImpl.java:43) ~[na:1.7.0_40]
	at java.lang.reflect.Method.invoke(Method.java:606) ~[na:1.7.0_40]
	at org.eclipse.xtext.util.PolymorphicDispatcher.invoke(PolymorphicDispatcher.java:291) ~[na:na]
	at org.openhab.model.script.interpreter.ScriptInterpreter.internalFeatureCallDispatch(ScriptInterpreter.java:69) ~[na:na]
	at org.eclipse.xtext.xbase.interpreter.impl.XbaseInterpreter._evaluateAbstractFeatureCall(XbaseInterpreter.java:658) ~[na:na]
	at sun.reflect.GeneratedMethodAccessor35.invoke(Unknown Source) ~[na:na]
	at sun.reflect.DelegatingMethodAccessorImpl.invoke(DelegatingMethodAccessorImpl.java:43) ~[na:1.7.0_40]
	at java.lang.reflect.Method.invoke(Method.java:606) ~[na:1.7.0_40]
	at org.eclipse.xtext.util.PolymorphicDispatcher.invoke(PolymorphicDispatcher.java:291) ~[na:na]
	at org.eclipse.xtext.xbase.interpreter.impl.XbaseInterpreter.internalEvaluate(XbaseInterpreter.java:218) ~[na:na]
	at org.eclipse.xtext.xbase.interpreter.impl.XbaseInterpreter.evaluateArgumentExpressions(XbaseInterpreter.java:751) ~[na:na]
	at org.eclipse.xtext.xbase.interpreter.impl.XbaseInterpreter._featureCallOperation(XbaseInterpreter.java:712) ~[na:na]
	at sun.reflect.GeneratedMethodAccessor36.invoke(Unknown Source) ~[na:na]
	at sun.reflect.DelegatingMethodAccessorImpl.invoke(DelegatingMethodAccessorImpl.java:43) ~[na:1.7.0_40]
	at java.lang.reflect.Method.invoke(Method.java:606) ~[na:1.7.0_40]
	at org.eclipse.xtext.util.PolymorphicDispatcher.invoke(PolymorphicDispatcher.java:291) ~[na:na]
	at org.openhab.model.script.interpreter.ScriptInterpreter.internalFeatureCallDispatch(ScriptInterpreter.java:69) ~[na:na]
	at org.eclipse.xtext.xbase.interpreter.impl.XbaseInterpreter._evaluateAbstractFeatureCall(XbaseInterpreter.java:658) ~[na:na]
	at sun.reflect.GeneratedMethodAccessor35.invoke(Unknown Source) ~[na:na]
	at sun.reflect.DelegatingMethodAccessorImpl.invoke(DelegatingMethodAccessorImpl.java:43) ~[na:1.7.0_40]
	at java.lang.reflect.Method.invoke(Method.java:606) ~[na:1.7.0_40]
	at org.eclipse.xtext.util.PolymorphicDispatcher.invoke(PolymorphicDispatcher.java:291) ~[na:na]
	at org.eclipse.xtext.xbase.interpreter.impl.XbaseInterpreter.internalEvaluate(XbaseInterpreter.java:218) ~[na:na]
	at org.eclipse.xtext.xbase.interpreter.impl.XbaseInterpreter._evaluateBlockExpression(XbaseInterpreter.java:321) ~[na:na]
	at sun.reflect.NativeMethodAccessorImpl.invoke0(Native Method) ~[na:1.7.0_40]
	at sun.reflect.NativeMethodAccessorImpl.invoke(NativeMethodAccessorImpl.java:57) ~[na:1.7.0_40]
	at sun.reflect.DelegatingMethodAccessorImpl.invoke(DelegatingMethodAccessorImpl.java:43) ~[na:1.7.0_40]
	at java.lang.reflect.Method.invoke(Method.java:606) ~[na:1.7.0_40]
	at org.eclipse.xtext.util.PolymorphicDispatcher.invoke(PolymorphicDispatcher.java:291) ~[na:na]
	at org.eclipse.xtext.xbase.interpreter.impl.XbaseInterpreter.internalEvaluate(XbaseInterpreter.java:218) ~[na:na]
	at org.eclipse.xtext.xbase.interpreter.impl.XbaseInterpreter.evaluate(XbaseInterpreter.java:204) ~[na:na]
	at org.openhab.model.script.internal.engine.ScriptImpl.execute(ScriptImpl.java:59) ~[na:na]
	at org.openhab.core.scriptengine.ScriptExecutionThread.run(ScriptExecutionThread.java:44) ~[na:na]
2014-12-04 00:53:10.091 [ERROR] [o.o.c.s.ScriptExecutionThread ] - Error during the execution of rule 'Update max and min temperatures'
java.lang.NullPointerException: null
	at org.openhab.core.persistence.extensions.PersistenceExtensions.deltaSince(PersistenceExtensions.java:463) ~[na:na]
	at org.openhab.core.persistence.extensions.PersistenceExtensions.deltaSince(PersistenceExtensions.java:446) ~[na:na]
	at sun.reflect.NativeMethodAccessorImpl.invoke0(Native Method) ~[na:1.7.0_40]
	at sun.reflect.NativeMethodAccessorImpl.invoke(NativeMethodAccessorImpl.java:57) ~[na:1.7.0_40]
	at sun.reflect.DelegatingMethodAccessorImpl.invoke(DelegatingMethodAccessorImpl.java:43) ~[na:1.7.0_40]
	at java.lang.reflect.Method.invoke(Method.java:606) ~[na:1.7.0_40]
	at org.eclipse.xtext.xbase.interpreter.impl.XbaseInterpreter.invokeOperation(XbaseInterpreter.java:729) ~[na:na]
	at org.eclipse.xtext.xbase.interpreter.impl.XbaseInterpreter._featureCallOperation(XbaseInterpreter.java:713) ~[na:na]
	at sun.reflect.GeneratedMethodAccessor36.invoke(Unknown Source) ~[na:na]
	at sun.reflect.DelegatingMethodAccessorImpl.invoke(DelegatingMethodAccessorImpl.java:43) ~[na:1.7.0_40]
	at java.lang.reflect.Method.invoke(Method.java:606) ~[na:1.7.0_40]
	at org.eclipse.xtext.util.PolymorphicDispatcher.invoke(PolymorphicDispatcher.java:291) ~[na:na]
	at org.openhab.model.script.interpreter.ScriptInterpreter.internalFeatureCallDispatch(ScriptInterpreter.java:69) ~[na:na]
	at org.eclipse.xtext.xbase.interpreter.impl.XbaseInterpreter._evaluateMemberFeatureCall(XbaseInterpreter.java:549) ~[na:na]
	at sun.reflect.GeneratedMethodAccessor44.invoke(Unknown Source) ~[na:na]
	at sun.reflect.DelegatingMethodAccessorImpl.invoke(DelegatingMethodAccessorImpl.java:43) ~[na:1.7.0_40]
	at java.lang.reflect.Method.invoke(Method.java:606) ~[na:1.7.0_40]
	at org.eclipse.xtext.util.PolymorphicDispatcher.invoke(PolymorphicDispatcher.java:291) ~[na:na]
	at org.eclipse.xtext.xbase.interpreter.impl.XbaseInterpreter.internalEvaluate(XbaseInterpreter.java:218) ~[na:na]
	at org.eclipse.xtext.xbase.interpreter.impl.XbaseInterpreter._evaluateMemberFeatureCall(XbaseInterpreter.java:545) ~[na:na]
	at sun.reflect.GeneratedMethodAccessor44.invoke(Unknown Source) ~[na:na]
	at sun.reflect.DelegatingMethodAccessorImpl.invoke(DelegatingMethodAccessorImpl.java:43) ~[na:1.7.0_40]
	at java.lang.reflect.Method.invoke(Method.java:606) ~[na:1.7.0_40]
	at org.eclipse.xtext.util.PolymorphicDispatcher.invoke(PolymorphicDispatcher.java:291) ~[na:na]
	at org.eclipse.xtext.xbase.interpreter.impl.XbaseInterpreter.internalEvaluate(XbaseInterpreter.java:218) ~[na:na]
	at org.eclipse.xtext.xbase.interpreter.impl.XbaseInterpreter.evaluateArgumentExpressions(XbaseInterpreter.java:751) ~[na:na]
	at org.eclipse.xtext.xbase.interpreter.impl.XbaseInterpreter._featureCallOperation(XbaseInterpreter.java:712) ~[na:na]
	at sun.reflect.GeneratedMethodAccessor36.invoke(Unknown Source) ~[na:na]
	at sun.reflect.DelegatingMethodAccessorImpl.invoke(DelegatingMethodAccessorImpl.java:43) ~[na:1.7.0_40]
	at java.lang.reflect.Method.invoke(Method.java:606) ~[na:1.7.0_40]
	at org.eclipse.xtext.util.PolymorphicDispatcher.invoke(PolymorphicDispatcher.java:291) ~[na:na]
	at org.openhab.model.script.interpreter.ScriptInterpreter.internalFeatureCallDispatch(ScriptInterpreter.java:69) ~[na:na]
	at org.eclipse.xtext.xbase.interpreter.impl.XbaseInterpreter._evaluateAbstractFeatureCall(XbaseInterpreter.java:658) ~[na:na]
	at sun.reflect.GeneratedMethodAccessor35.invoke(Unknown Source) ~[na:na]
	at sun.reflect.DelegatingMethodAccessorImpl.invoke(DelegatingMethodAccessorImpl.java:43) ~[na:1.7.0_40]
	at java.lang.reflect.Method.invoke(Method.java:606) ~[na:1.7.0_40]
	at org.eclipse.xtext.util.PolymorphicDispatcher.invoke(PolymorphicDispatcher.java:291) ~[na:na]
	at org.eclipse.xtext.xbase.interpreter.impl.XbaseInterpreter.internalEvaluate(XbaseInterpreter.java:218) ~[na:na]
	at org.eclipse.xtext.xbase.interpreter.impl.XbaseInterpreter.evaluateArgumentExpressions(XbaseInterpreter.java:751) ~[na:na]
	at org.eclipse.xtext.xbase.interpreter.impl.XbaseInterpreter._featureCallOperation(XbaseInterpreter.java:712) ~[na:na]
	at sun.reflect.GeneratedMethodAccessor36.invoke(Unknown Source) ~[na:na]
	at sun.reflect.DelegatingMethodAccessorImpl.invoke(DelegatingMethodAccessorImpl.java:43) ~[na:1.7.0_40]
	at java.lang.reflect.Method.invoke(Method.java:606) ~[na:1.7.0_40]
	at org.eclipse.xtext.util.PolymorphicDispatcher.invoke(PolymorphicDispatcher.java:291) ~[na:na]
	at org.openhab.model.script.interpreter.ScriptInterpreter.internalFeatureCallDispatch(ScriptInterpreter.java:69) ~[na:na]
	at org.eclipse.xtext.xbase.interpreter.impl.XbaseInterpreter._evaluateAbstractFeatureCall(XbaseInterpreter.java:658) ~[na:na]
	at sun.reflect.GeneratedMethodAccessor35.invoke(Unknown Source) ~[na:na]
	at sun.reflect.DelegatingMethodAccessorImpl.invoke(DelegatingMethodAccessorImpl.java:43) ~[na:1.7.0_40]
	at java.lang.reflect.Method.invoke(Method.java:606) ~[na:1.7.0_40]
	at org.eclipse.xtext.util.PolymorphicDispatcher.invoke(PolymorphicDispatcher.java:291) ~[na:na]
	at org.eclipse.xtext.xbase.interpreter.impl.XbaseInterpreter.internalEvaluate(XbaseInterpreter.java:218) ~[na:na]
	at org.eclipse.xtext.xbase.interpreter.impl.XbaseInterpreter.evaluateArgumentExpressions(XbaseInterpreter.java:751) ~[na:na]
	at org.eclipse.xtext.xbase.interpreter.impl.XbaseInterpreter._featureCallOperation(XbaseInterpreter.java:712) ~[na:na]
	at sun.reflect.GeneratedMethodAccessor36.invoke(Unknown Source) ~[na:na]
	at sun.reflect.DelegatingMethodAccessorImpl.invoke(DelegatingMethodAccessorImpl.java:43) ~[na:1.7.0_40]
	at java.lang.reflect.Method.invoke(Method.java:606) ~[na:1.7.0_40]
	at org.eclipse.xtext.util.PolymorphicDispatcher.invoke(PolymorphicDispatcher.java:291) ~[na:na]
	at org.openhab.model.script.interpreter.ScriptInterpreter.internalFeatureCallDispatch(ScriptInterpreter.java:69) ~[na:na]
	at org.eclipse.xtext.xbase.interpreter.impl.XbaseInterpreter._evaluateAbstractFeatureCall(XbaseInterpreter.java:658) ~[na:na]
	at sun.reflect.GeneratedMethodAccessor35.invoke(Unknown Source) ~[na:na]
	at sun.reflect.DelegatingMethodAccessorImpl.invoke(DelegatingMethodAccessorImpl.java:43) ~[na:1.7.0_40]
	at java.lang.reflect.Method.invoke(Method.java:606) ~[na:1.7.0_40]
	at org.eclipse.xtext.util.PolymorphicDispatcher.invoke(PolymorphicDispatcher.java:291) ~[na:na]
	at org.eclipse.xtext.xbase.interpreter.impl.XbaseInterpreter.internalEvaluate(XbaseInterpreter.java:218) ~[na:na]
	at org.eclipse.xtext.xbase.interpreter.impl.XbaseInterpreter._evaluateBlockExpression(XbaseInterpreter.java:321) ~[na:na]
	at sun.reflect.NativeMethodAccessorImpl.invoke0(Native Method) ~[na:1.7.0_40]
	at sun.reflect.NativeMethodAccessorImpl.invoke(NativeMethodAccessorImpl.java:57) ~[na:1.7.0_40]
	at sun.reflect.DelegatingMethodAccessorImpl.invoke(DelegatingMethodAccessorImpl.java:43) ~[na:1.7.0_40]
	at java.lang.reflect.Method.invoke(Method.java:606) ~[na:1.7.0_40]
	at org.eclipse.xtext.util.PolymorphicDispatcher.invoke(PolymorphicDispatcher.java:291) ~[na:na]
	at org.eclipse.xtext.xbase.interpreter.impl.XbaseInterpreter.internalEvaluate(XbaseInterpreter.java:218) ~[na:na]
	at org.eclipse.xtext.xbase.interpreter.impl.XbaseInterpreter.evaluate(XbaseInterpreter.java:204) ~[na:na]
	at org.openhab.model.script.internal.engine.ScriptImpl.execute(ScriptImpl.java:59) ~[na:na]
	at org.openhab.core.scriptengine.ScriptExecutionThread.run(ScriptExecutionThread.java:44) ~[na:na]
2014-12-04 00:55:06.529 [INFO ] [penhab.io.rest.RESTApplication] - Stopped REST API
2014-12-04 00:55:10.657 [INFO ] [.o.u.w.i.servlet.WebAppServlet] - Stopped Classic UI
