2014-12-02 00:35:00,348 - Temperature_GF_Corridor  : 20.40000000
2014-12-02 00:35:00,558 - Temperature_GF_Toilet    : 19.70000000
2014-12-02 00:35:00,729 - Temperature_GF_Living    : 17.90000000
2014-12-02 00:35:00,831 - Temperature_FF_Bath      : 21.50000000
2014-12-02 00:35:00,893 - Temperature_FF_Office    : 21.90000000
2014-12-02 00:35:00,950 - Temperature_FF_Child     : 20.80000000
2014-12-02 00:35:01,014 - Temperature_FF_Bed       : 18.10000000
2014-12-02 00:40:00,253 - Temperature_GF_Corridor  : 19.20000000
2014-12-02 00:40:00,416 - Temperature_GF_Toilet    : 19.80000000
2014-12-02 00:40:00,624 - Temperature_GF_Living    : 21.80000000
2014-12-02 00:40:00,758 - Temperature_GF_Kitchen   : 19.90000000
2014-12-02 00:40:00,827 - Temperature_FF_Bath      : 18.50000000
2014-12-02 00:40:00,900 - Temperature_FF_Office    : 21.00000000
2014-12-02 00:40:00,982 - Temperature_FF_Child     : 18.60000000
2014-12-02 00:40:01,041 - Temperature_FF_Bed       : 19.40000000
2014-12-02 00:45:00,252 - Temperature_GF_Corridor  : 18.80000000
2014-12-02 00:45:00,404 - Temperature_GF_Toilet    : 22.40000000
2014-12-02 00:45:00,595 - Temperature_GF_Living    : 21.10000000
2014-12-02 00:45:00,674 - Temperature_GF_Kitchen   : 18.30000000
2014-12-02 00:45:00,756 - Temperature_FF_Bath      : 19.00000000
2014-12-02 00:45:00,810 - Temperature_FF_Office    : 22.50000000
2014-12-02 00:45:00,865 - Temperature_FF_Child     : 20.60000000
2014-12-02 00:45:00,916 - Temperature_FF_Bed       : 17.90000000
2014-12-02 00:50:00,190 - Temperature_GF_Corridor  : 20.90000000
2014-12-02 00:50:00,304 - Temperature_GF_Toilet    : 17.70000000
2014-12-02 00:50:00,447 - Temperature_GF_Living    : 20.50000000
2014-12-02 00:50:00,624 - Temperature_GF_Kitchen   : 18.20000000
2014-12-02 00:50:00,707 - Temperature_FF_Bath      : 20.00000000
2014-12-02 00:50:00,778 - Temperature_FF_Office    : 19.70000000
2014-12-02 00:50:00,853 - Temperature_FF_Child     : 19.30000000
2014-12-02 00:50:00,926 - Temperature_FF_Bed       : 18.80000000
2014-12-02 00:55:00,211 - Temperature_GF_Corridor  : 17.80000000
2014-12-02 00:55:00,367 - Temperature_GF_Toilet    : 21.50000000
2014-12-02 00:55:00,487 - Temperature_GF_Living    : 18.90000000
2014-12-02 00:55:00,582 - Temperature_GF_Kitchen   : 19.20000000
2014-12-02 00:55:00,649 - Temperature_FF_Bath      : 22.40000000
2014-12-02 00:55:00,712 - Temperature_FF_Office    : 18.90000000
2014-12-02 00:55:00,758 - Temperature_FF_Child     : 20.00000000
2014-12-02 00:55:00,804 - Temperature_FF_Bed       : 18.90000000
2014-12-02 01:00:00,247 - Temperature_GF_Corridor  : 17.90000000
2014-12-02 01:00:00,415 - Temperature_GF_Toilet    : 19.70000000
2014-12-02 01:00:00,501 - Temperature_GF_Living    : 17.70000000
2014-12-02 01:00:00,591 - Temperature_GF_Kitchen   : 18.90000000
2014-12-02 01:00:00,638 - Temperature_FF_Bath      : 21.90000000
2014-12-02 01:00:00,683 - Temperature_FF_Office    : 20.00000000
2014-12-02 01:00:00,743 - Temperature_FF_Child     : 22.10000000
2014-12-02 01:00:00,832 - Temperature_FF_Bed       : 18.60000000
2014-12-02 01:05:00,204 - Temperature_GF_Corridor  : 20.40000000
2014-12-02 01:05:00,346 - Temperature_GF_Toilet    : 21.60000000
2014-12-02 01:05:00,461 - Temperature_GF_Living    : 19.10000000
2014-12-02 01:05:00,561 - Temperature_GF_Kitchen   : 21.80000000
2014-12-02 01:05:00,617 - Temperature_FF_Bath      : 19.60000000
2014-12-02 01:05:00,724 - Temperature_FF_Office    : 17.60000000
2014-12-02 01:05:00,774 - Temperature_FF_Child     : 20.40000000
2014-12-02 01:05:00,819 - Temperature_FF_Bed       : 19.90000000
2014-12-04 00:52:54,584 - Temperature_GF_Corridor  : 22.50000000
2014-12-04 00:52:54,738 - Temperature_GF_Toilet    : 22.50000000
2014-12-04 00:52:54,917 - Temperature_GF_Living    : 19.10000000
2014-12-04 00:52:55,081 - Temperature_GF_Kitchen   : 22.20000000
2014-12-04 00:52:55,208 - Temperature_FF_Bath      : 21.00000000
2014-12-04 00:52:55,390 - Temperature_FF_Office    : 21.00000000
2014-12-04 00:52:55,562 - Temperature_FF_Child     : 20.40000000
2014-12-04 00:52:55,718 - Temperature_FF_Bed       : 19.90000000
2014-12-04 00:52:55,886 - Temperature_GF_Corridor  : 19.80000000
2014-12-04 00:52:56,031 - Temperature_GF_Toilet    : 21.80000000
2014-12-04 00:52:56,197 - Temperature_GF_Living    : 17.60000000
2014-12-04 00:52:56,334 - Temperature_GF_Kitchen   : 22.40000000
2014-12-04 00:52:56,489 - Temperature_FF_Bath      : 19.40000000
2014-12-04 00:52:56,748 - Temperature_FF_Office    : 22.10000000
2014-12-04 00:52:56,959 - Temperature_FF_Child     : 17.90000000
2014-12-04 00:52:57,078 - Temperature_FF_Bed       : 18.30000000
2014-12-04 00:55:00,359 - Temperature_GF_Corridor  : 17.60000000
2014-12-04 00:55:00,513 - Temperature_GF_Toilet    : 17.90000000
2014-12-04 00:55:00,661 - Temperature_GF_Living    : 18.90000000
2014-12-04 00:55:00,823 - Temperature_GF_Kitchen   : 17.60000000
2014-12-04 00:55:00,994 - Temperature_FF_Bath      : 22.10000000
2014-12-04 00:55:01,087 - Temperature_FF_Office    : 19.80000000
2014-12-04 00:55:01,183 - Temperature_FF_Child     : 20.20000000
2014-12-04 00:55:01,249 - Temperature_FF_Bed       : 21.70000000
2014-12-04 00:55:01,311 - Temperature_GF_Corridor  : 22.00000000
2014-12-04 00:55:01,359 - Temperature_GF_Toilet    : 18.10000000
2014-12-04 00:55:01,410 - Temperature_GF_Living    : 18.50000000
2014-12-04 00:55:01,475 - Temperature_GF_Kitchen   : 21.30000000
2014-12-04 00:55:01,565 - Temperature_FF_Bath      : 18.50000000
2014-12-04 00:55:01,621 - Temperature_FF_Office    : 19.50000000
2014-12-04 00:55:01,676 - Temperature_FF_Child     : 20.50000000
2014-12-04 00:55:01,745 - Temperature_FF_Bed       : 18.20000000
